<?xml version="1.0" encoding="UTF-8"?>
<!-- Generated by org.testng.reporters.JUnitReportReporter -->
<testsuite hostname="VCCI-TECH-D122" failures="0" tests="2" name="Package01.Secondclass" time="0.003" errors="0" timestamp="2024-08-27T13:45:17 ICT" skipped="0">
  <testcase classname="Package01.Secondclass" name="secondmethod" time="0.002"/>
  <testcase classname="Package01.Secondclass" name="firstmathod" time="0.001"/>
</testsuite> <!-- Package01.Secondclass -->
