<?xml version="1.0" encoding="UTF-8"?>
<!-- Generated by org.testng.reporters.JUnitReportReporter -->
<testsuite hostname="VCCI-TECH-D122" failures="0" tests="2" name="TestAnnotation.TestAnnotation" time="0.005" errors="0" timestamp="2024-08-27T16:24:12 ICT" skipped="0">
  <testcase classname="TestAnnotation.TestAnnotation" name="testOneMethod" time="0.004"/>
  <testcase classname="TestAnnotation.TestAnnotation" name="testTwoMethod" time="0.001"/>
</testsuite> <!-- TestAnnotation.TestAnnotation -->
