<?xml version="1.0" encoding="UTF-8"?>
<!-- Generated by org.testng.reporters.JUnitReportReporter -->
<testsuite hostname="VCCI-TECH-D122" failures="0" tests="1" name="TestProject_TestNG.Test01" time="6.307" errors="0" timestamp="2024-08-26T13:06:31 ICT" skipped="0">
  <testcase classname="TestProject_TestNG.Test01" name="demo" time="6.307"/>
</testsuite> <!-- TestProject_TestNG.Test01 -->
