<?xml version="1.0" encoding="UTF-8"?>
<!-- Generated by org.testng.reporters.JUnitReportReporter -->
<testsuite hostname="VCCI-TECH-D122" failures="0" tests="1" name="Package02.Firstclass" time="0.007" errors="0" timestamp="2024-08-27T13:45:17 ICT" skipped="0">
  <testcase classname="Package02.Firstclass" name="secondmethod" time="0.007"/>
</testsuite> <!-- Package02.Firstclass -->
