<?xml version="1.0" encoding="UTF-8"?>
<!-- Generated by org.testng.reporters.JUnitReportReporter -->
<testsuite hostname="VCCI-TECH-D122" failures="0" tests="2" name="Package02.Secondclass" time="0.002" errors="0" timestamp="2024-08-27T13:45:17 ICT" skipped="0">
  <testcase classname="Package02.Secondclass" name="blo" time="0.001"/>
  <testcase classname="Package02.Secondclass" name="alo" time="0.001"/>
</testsuite> <!-- Package02.Secondclass -->
