<?xml version="1.0" encoding="UTF-8"?>
<!-- Generated by org.testng.reporters.JUnitReportReporter -->
<testsuite hostname="VCCI-TECH-D122" failures="0" tests="2" name="Package01.Firstclass" time="0.011" errors="0" timestamp="2024-08-28T09:36:41 ICT" skipped="0">
  <testcase classname="Package01.Firstclass" name="secondmethod" time="0.001"/>
  <testcase classname="Package01.Firstclass" name="firstmethod" time="0.010"/>
</testsuite> <!-- Package01.Firstclass -->
